INFO:telethon.network.mtprotosender:Connecting to 149.154.167.92:443/TcpFull...
INFO:telethon.network.mtprotosender:Connection to 149.154.167.92:443/TcpFull complete!
INFO:telethon.client.downloads:Starting direct file download in chunks of 131072 at 0, stride 131072
INFO:root:Saved image from https://t.me/lobelia4cosmetics: data/raw/images/2025-07-14\lobelia4cosmetics_18570.jpg
INFO:telethon.client.downloads:Starting direct file download in chunks of 131072 at 0, stride 131072
INFO:root:Saved image from https://t.me/lobelia4cosmetics: data/raw/images/2025-07-14\lobelia4cosmetics_18569.jpg
INFO:telethon.client.downloads:Starting direct file download in chunks of 131072 at 0, stride 131072
INFO:root:Saved image from https://t.me/lobelia4cosmetics: data/raw/images/2025-07-14\lobelia4cosmetics_18568.jpg
INFO:telethon.client.downloads:Starting direct file download in chunks of 131072 at 0, stride 131072
INFO:root:Saved image from https://t.me/lobelia4cosmetics: data/raw/images/2025-07-14\lobelia4cosmetics_18567.jpg
INFO:telethon.client.downloads:Starting direct file download in chunks of 131072 at 0, stride 131072
INFO:root:Saved image from https://t.me/lobelia4cosmetics: data/raw/images/2025-07-14\lobelia4cosmetics_18566.jpg
INFO:telethon.client.downloads:Starting direct file download in chunks of 131072 at 0, stride 131072
INFO:root:Saved image from https://t.me/lobelia4cosmetics: data/raw/images/2025-07-14\lobelia4cosmetics_18565.jpg
INFO:telethon.client.downloads:Starting direct file download in chunks of 131072 at 0, stride 131072
INFO:root:Saved image from https://t.me/lobelia4cosmetics: data/raw/images/2025-07-14\lobelia4cosmetics_18564.jpg
INFO:telethon.client.downloads:Starting direct file download in chunks of 131072 at 0, stride 131072
INFO:root:Saved image from https://t.me/lobelia4cosmetics: data/raw/images/2025-07-14\lobelia4cosmetics_18563.jpg
INFO:telethon.client.downloads:Starting direct file download in chunks of 131072 at 0, stride 131072
INFO:root:Saved image from https://t.me/lobelia4cosmetics: data/raw/images/2025-07-14\lobelia4cosmetics_18562.jpg
INFO:telethon.client.downloads:Starting direct file download in chunks of 131072 at 0, stride 131072
INFO:root:Saved image from https://t.me/lobelia4cosmetics: data/raw/images/2025-07-14\lobelia4cosmetics_18561.jpg
INFO:telethon.client.downloads:Starting direct file download in chunks of 131072 at 0, stride 131072
INFO:root:Saved image from https://t.me/lobelia4cosmetics: data/raw/images/2025-07-14\lobelia4cosmetics_18560.jpg
INFO:telethon.client.downloads:Starting direct file download in chunks of 131072 at 0, stride 131072
INFO:root:Saved image from https://t.me/lobelia4cosmetics: data/raw/images/2025-07-14\lobelia4cosmetics_18559.jpg
INFO:telethon.client.downloads:Starting direct file download in chunks of 131072 at 0, stride 131072
INFO:root:Saved image from https://t.me/lobelia4cosmetics: data/raw/images/2025-07-14\lobelia4cosmetics_18558.jpg
INFO:telethon.client.downloads:Starting direct file download in chunks of 131072 at 0, stride 131072
INFO:root:Saved image from https://t.me/lobelia4cosmetics: data/raw/images/2025-07-14\lobelia4cosmetics_18557.jpg
INFO:telethon.client.downloads:Starting direct file download in chunks of 131072 at 0, stride 131072
INFO:root:Saved image from https://t.me/lobelia4cosmetics: data/raw/images/2025-07-14\lobelia4cosmetics_18556.jpg
INFO:telethon.client.downloads:Starting direct file download in chunks of 131072 at 0, stride 131072
INFO:root:Saved image from https://t.me/lobelia4cosmetics: data/raw/images/2025-07-14\lobelia4cosmetics_18555.jpg
INFO:telethon.client.downloads:Starting direct file download in chunks of 131072 at 0, stride 131072
INFO:root:Saved image from https://t.me/lobelia4cosmetics: data/raw/images/2025-07-14\lobelia4cosmetics_18554.jpg
INFO:telethon.client.downloads:Starting direct file download in chunks of 131072 at 0, stride 131072
INFO:root:Saved image from https://t.me/lobelia4cosmetics: data/raw/images/2025-07-14\lobelia4cosmetics_18553.jpg
INFO:telethon.client.downloads:Starting direct file download in chunks of 131072 at 0, stride 131072
INFO:root:Saved image from https://t.me/lobelia4cosmetics: data/raw/images/2025-07-14\lobelia4cosmetics_18552.jpg
INFO:telethon.client.downloads:Starting direct file download in chunks of 131072 at 0, stride 131072
INFO:root:Saved image from https://t.me/lobelia4cosmetics: data/raw/images/2025-07-14\lobelia4cosmetics_18551.jpg
INFO:telethon.client.downloads:Starting direct file download in chunks of 131072 at 0, stride 131072
INFO:root:Saved image from https://t.me/lobelia4cosmetics: data/raw/images/2025-07-14\lobelia4cosmetics_18550.jpg
INFO:telethon.client.downloads:Starting direct file download in chunks of 131072 at 0, stride 131072
INFO:root:Saved image from https://t.me/lobelia4cosmetics: data/raw/images/2025-07-14\lobelia4cosmetics_18549.jpg
INFO:telethon.client.downloads:Starting direct file download in chunks of 131072 at 0, stride 131072
INFO:root:Saved image from https://t.me/lobelia4cosmetics: data/raw/images/2025-07-14\lobelia4cosmetics_18548.jpg
INFO:telethon.client.downloads:Starting direct file download in chunks of 131072 at 0, stride 131072
INFO:root:Saved image from https://t.me/lobelia4cosmetics: data/raw/images/2025-07-14\lobelia4cosmetics_18547.jpg
INFO:telethon.client.downloads:Starting direct file download in chunks of 131072 at 0, stride 131072
INFO:root:Saved image from https://t.me/lobelia4cosmetics: data/raw/images/2025-07-14\lobelia4cosmetics_18546.jpg
INFO:telethon.client.downloads:Starting direct file download in chunks of 131072 at 0, stride 131072
INFO:root:Saved image from https://t.me/lobelia4cosmetics: data/raw/images/2025-07-14\lobelia4cosmetics_18545.jpg
INFO:telethon.client.downloads:Starting direct file download in chunks of 131072 at 0, stride 131072
INFO:root:Saved image from https://t.me/lobelia4cosmetics: data/raw/images/2025-07-14\lobelia4cosmetics_18544.jpg
INFO:telethon.client.downloads:Starting direct file download in chunks of 131072 at 0, stride 131072
INFO:root:Saved image from https://t.me/lobelia4cosmetics: data/raw/images/2025-07-14\lobelia4cosmetics_18543.jpg
INFO:telethon.client.downloads:Starting direct file download in chunks of 131072 at 0, stride 131072
INFO:root:Saved image from https://t.me/lobelia4cosmetics: data/raw/images/2025-07-14\lobelia4cosmetics_18542.jpg
INFO:telethon.client.downloads:Starting direct file download in chunks of 131072 at 0, stride 131072
INFO:root:Saved image from https://t.me/lobelia4cosmetics: data/raw/images/2025-07-14\lobelia4cosmetics_18541.jpg
INFO:telethon.client.downloads:Starting direct file download in chunks of 131072 at 0, stride 131072
INFO:root:Saved image from https://t.me/lobelia4cosmetics: data/raw/images/2025-07-14\lobelia4cosmetics_18540.jpg
INFO:telethon.client.downloads:Starting direct file download in chunks of 131072 at 0, stride 131072
INFO:root:Saved image from https://t.me/lobelia4cosmetics: data/raw/images/2025-07-14\lobelia4cosmetics_18539.jpg
INFO:telethon.client.downloads:Starting direct file download in chunks of 131072 at 0, stride 131072
INFO:root:Saved image from https://t.me/lobelia4cosmetics: data/raw/images/2025-07-14\lobelia4cosmetics_18538.jpg
INFO:telethon.client.downloads:Starting direct file download in chunks of 131072 at 0, stride 131072
INFO:root:Saved image from https://t.me/lobelia4cosmetics: data/raw/images/2025-07-14\lobelia4cosmetics_18537.jpg
INFO:telethon.client.downloads:Starting direct file download in chunks of 131072 at 0, stride 131072
INFO:root:Saved image from https://t.me/lobelia4cosmetics: data/raw/images/2025-07-14\lobelia4cosmetics_18536.jpg
INFO:telethon.client.downloads:Starting direct file download in chunks of 131072 at 0, stride 131072
INFO:root:Saved image from https://t.me/lobelia4cosmetics: data/raw/images/2025-07-14\lobelia4cosmetics_18535.jpg
INFO:telethon.client.downloads:Starting direct file download in chunks of 131072 at 0, stride 131072
INFO:root:Saved image from https://t.me/lobelia4cosmetics: data/raw/images/2025-07-14\lobelia4cosmetics_18534.jpg
INFO:telethon.client.downloads:Starting direct file download in chunks of 131072 at 0, stride 131072
INFO:root:Saved image from https://t.me/lobelia4cosmetics: data/raw/images/2025-07-14\lobelia4cosmetics_18533.jpg
INFO:telethon.client.downloads:Starting direct file download in chunks of 131072 at 0, stride 131072
INFO:root:Saved image from https://t.me/lobelia4cosmetics: data/raw/images/2025-07-14\lobelia4cosmetics_18532.jpg
INFO:telethon.client.downloads:Starting direct file download in chunks of 131072 at 0, stride 131072
INFO:root:Saved image from https://t.me/lobelia4cosmetics: data/raw/images/2025-07-14\lobelia4cosmetics_18531.jpg
INFO:telethon.client.downloads:Starting direct file download in chunks of 131072 at 0, stride 131072
INFO:root:Saved image from https://t.me/lobelia4cosmetics: data/raw/images/2025-07-14\lobelia4cosmetics_18530.jpg
INFO:telethon.client.downloads:Starting direct file download in chunks of 131072 at 0, stride 131072
INFO:root:Saved image from https://t.me/lobelia4cosmetics: data/raw/images/2025-07-14\lobelia4cosmetics_18529.jpg
INFO:telethon.client.downloads:Starting direct file download in chunks of 131072 at 0, stride 131072
INFO:root:Saved image from https://t.me/lobelia4cosmetics: data/raw/images/2025-07-14\lobelia4cosmetics_18528.jpg
INFO:telethon.client.downloads:Starting direct file download in chunks of 131072 at 0, stride 131072
INFO:root:Saved image from https://t.me/lobelia4cosmetics: data/raw/images/2025-07-14\lobelia4cosmetics_18526.jpg
INFO:telethon.client.downloads:Starting direct file download in chunks of 131072 at 0, stride 131072
INFO:root:Saved image from https://t.me/lobelia4cosmetics: data/raw/images/2025-07-14\lobelia4cosmetics_18525.jpg
INFO:telethon.client.downloads:Starting direct file download in chunks of 131072 at 0, stride 131072
INFO:root:Saved image from https://t.me/lobelia4cosmetics: data/raw/images/2025-07-14\lobelia4cosmetics_18524.jpg
INFO:telethon.client.downloads:Starting direct file download in chunks of 131072 at 0, stride 131072
INFO:root:Saved image from https://t.me/lobelia4cosmetics: data/raw/images/2025-07-14\lobelia4cosmetics_18523.jpg
INFO:telethon.client.downloads:Starting direct file download in chunks of 131072 at 0, stride 131072
INFO:root:Saved image from https://t.me/lobelia4cosmetics: data/raw/images/2025-07-14\lobelia4cosmetics_18522.jpg
INFO:telethon.client.downloads:Starting direct file download in chunks of 131072 at 0, stride 131072
INFO:root:Saved image from https://t.me/lobelia4cosmetics: data/raw/images/2025-07-14\lobelia4cosmetics_18521.jpg
INFO:telethon.client.downloads:Starting direct file download in chunks of 131072 at 0, stride 131072
INFO:root:Saved image from https://t.me/lobelia4cosmetics: data/raw/images/2025-07-14\lobelia4cosmetics_18520.jpg
INFO:telethon.client.downloads:Starting direct file download in chunks of 131072 at 0, stride 131072
INFO:root:Saved image from https://t.me/lobelia4cosmetics: data/raw/images/2025-07-14\lobelia4cosmetics_18519.jpg
INFO:telethon.client.downloads:Starting direct file download in chunks of 131072 at 0, stride 131072
INFO:root:Saved image from https://t.me/lobelia4cosmetics: data/raw/images/2025-07-14\lobelia4cosmetics_18518.jpg
INFO:telethon.client.downloads:Starting direct file download in chunks of 131072 at 0, stride 131072
INFO:root:Saved image from https://t.me/lobelia4cosmetics: data/raw/images/2025-07-14\lobelia4cosmetics_18517.jpg
INFO:telethon.client.downloads:Starting direct file download in chunks of 131072 at 0, stride 131072
INFO:root:Saved image from https://t.me/lobelia4cosmetics: data/raw/images/2025-07-14\lobelia4cosmetics_18516.jpg
INFO:telethon.client.downloads:Starting direct file download in chunks of 131072 at 0, stride 131072
INFO:root:Saved image from https://t.me/lobelia4cosmetics: data/raw/images/2025-07-14\lobelia4cosmetics_18515.jpg
INFO:telethon.client.downloads:Starting direct file download in chunks of 131072 at 0, stride 131072
INFO:root:Saved image from https://t.me/lobelia4cosmetics: data/raw/images/2025-07-14\lobelia4cosmetics_18514.jpg
INFO:telethon.client.downloads:Starting direct file download in chunks of 131072 at 0, stride 131072
INFO:root:Saved image from https://t.me/lobelia4cosmetics: data/raw/images/2025-07-14\lobelia4cosmetics_18513.jpg
INFO:telethon.client.downloads:Starting direct file download in chunks of 131072 at 0, stride 131072
INFO:root:Saved image from https://t.me/lobelia4cosmetics: data/raw/images/2025-07-14\lobelia4cosmetics_18512.jpg
INFO:telethon.client.downloads:Starting direct file download in chunks of 131072 at 0, stride 131072
INFO:root:Saved image from https://t.me/lobelia4cosmetics: data/raw/images/2025-07-14\lobelia4cosmetics_18511.jpg
INFO:telethon.client.downloads:Starting direct file download in chunks of 131072 at 0, stride 131072
INFO:root:Saved image from https://t.me/lobelia4cosmetics: data/raw/images/2025-07-14\lobelia4cosmetics_18510.jpg
INFO:telethon.client.downloads:Starting direct file download in chunks of 131072 at 0, stride 131072
INFO:root:Saved image from https://t.me/lobelia4cosmetics: data/raw/images/2025-07-14\lobelia4cosmetics_18509.jpg
INFO:telethon.client.downloads:Starting direct file download in chunks of 131072 at 0, stride 131072
INFO:root:Saved image from https://t.me/lobelia4cosmetics: data/raw/images/2025-07-14\lobelia4cosmetics_18508.jpg
INFO:telethon.client.downloads:Starting direct file download in chunks of 131072 at 0, stride 131072
INFO:root:Saved image from https://t.me/lobelia4cosmetics: data/raw/images/2025-07-14\lobelia4cosmetics_18507.jpg
INFO:telethon.client.downloads:Starting direct file download in chunks of 131072 at 0, stride 131072
INFO:root:Saved image from https://t.me/lobelia4cosmetics: data/raw/images/2025-07-14\lobelia4cosmetics_18506.jpg
INFO:telethon.client.downloads:Starting direct file download in chunks of 131072 at 0, stride 131072
INFO:root:Saved image from https://t.me/lobelia4cosmetics: data/raw/images/2025-07-14\lobelia4cosmetics_18505.jpg
INFO:telethon.client.downloads:Starting direct file download in chunks of 131072 at 0, stride 131072
INFO:root:Saved image from https://t.me/lobelia4cosmetics: data/raw/images/2025-07-14\lobelia4cosmetics_18504.jpg
INFO:telethon.client.downloads:Starting direct file download in chunks of 131072 at 0, stride 131072
INFO:root:Saved image from https://t.me/lobelia4cosmetics: data/raw/images/2025-07-14\lobelia4cosmetics_18503.jpg
INFO:telethon.client.downloads:Starting direct file download in chunks of 131072 at 0, stride 131072
INFO:root:Saved image from https://t.me/lobelia4cosmetics: data/raw/images/2025-07-14\lobelia4cosmetics_18502.jpg
INFO:telethon.client.downloads:Starting direct file download in chunks of 131072 at 0, stride 131072
INFO:root:Saved image from https://t.me/lobelia4cosmetics: data/raw/images/2025-07-14\lobelia4cosmetics_18501.jpg
INFO:telethon.client.downloads:Starting direct file download in chunks of 131072 at 0, stride 131072
INFO:root:Saved image from https://t.me/lobelia4cosmetics: data/raw/images/2025-07-14\lobelia4cosmetics_18500.jpg
INFO:telethon.client.downloads:Starting direct file download in chunks of 131072 at 0, stride 131072
INFO:root:Saved image from https://t.me/lobelia4cosmetics: data/raw/images/2025-07-14\lobelia4cosmetics_18499.jpg
INFO:telethon.client.downloads:Starting direct file download in chunks of 131072 at 0, stride 131072
INFO:root:Saved image from https://t.me/lobelia4cosmetics: data/raw/images/2025-07-14\lobelia4cosmetics_18498.jpg
INFO:telethon.client.downloads:Starting direct file download in chunks of 131072 at 0, stride 131072
INFO:root:Saved image from https://t.me/lobelia4cosmetics: data/raw/images/2025-07-14\lobelia4cosmetics_18497.jpg
INFO:telethon.client.downloads:Starting direct file download in chunks of 131072 at 0, stride 131072
INFO:root:Saved image from https://t.me/lobelia4cosmetics: data/raw/images/2025-07-14\lobelia4cosmetics_18496.jpg
INFO:telethon.client.downloads:Starting direct file download in chunks of 131072 at 0, stride 131072
INFO:root:Saved image from https://t.me/lobelia4cosmetics: data/raw/images/2025-07-14\lobelia4cosmetics_18495.jpg
INFO:telethon.client.downloads:Starting direct file download in chunks of 131072 at 0, stride 131072
INFO:root:Saved image from https://t.me/lobelia4cosmetics: data/raw/images/2025-07-14\lobelia4cosmetics_18494.jpg
INFO:telethon.client.downloads:Starting direct file download in chunks of 131072 at 0, stride 131072
INFO:root:Saved image from https://t.me/lobelia4cosmetics: data/raw/images/2025-07-14\lobelia4cosmetics_18493.jpg
INFO:telethon.client.downloads:Starting direct file download in chunks of 131072 at 0, stride 131072
INFO:root:Saved image from https://t.me/lobelia4cosmetics: data/raw/images/2025-07-14\lobelia4cosmetics_18492.jpg
INFO:telethon.client.downloads:Starting direct file download in chunks of 131072 at 0, stride 131072
INFO:root:Saved image from https://t.me/lobelia4cosmetics: data/raw/images/2025-07-14\lobelia4cosmetics_18491.jpg
INFO:telethon.client.downloads:Starting direct file download in chunks of 131072 at 0, stride 131072
INFO:root:Saved image from https://t.me/lobelia4cosmetics: data/raw/images/2025-07-14\lobelia4cosmetics_18490.jpg
INFO:telethon.client.downloads:Starting direct file download in chunks of 131072 at 0, stride 131072
INFO:root:Saved image from https://t.me/lobelia4cosmetics: data/raw/images/2025-07-14\lobelia4cosmetics_18489.jpg
INFO:telethon.client.downloads:Starting direct file download in chunks of 131072 at 0, stride 131072
INFO:root:Saved image from https://t.me/lobelia4cosmetics: data/raw/images/2025-07-14\lobelia4cosmetics_18488.jpg
INFO:telethon.client.downloads:Starting direct file download in chunks of 131072 at 0, stride 131072
INFO:root:Saved image from https://t.me/lobelia4cosmetics: data/raw/images/2025-07-14\lobelia4cosmetics_18487.jpg
INFO:telethon.client.downloads:Starting direct file download in chunks of 131072 at 0, stride 131072
INFO:root:Saved image from https://t.me/lobelia4cosmetics: data/raw/images/2025-07-14\lobelia4cosmetics_18486.jpg
INFO:telethon.client.downloads:Starting direct file download in chunks of 131072 at 0, stride 131072
INFO:root:Saved image from https://t.me/lobelia4cosmetics: data/raw/images/2025-07-14\lobelia4cosmetics_18485.jpg
INFO:telethon.client.downloads:Starting direct file download in chunks of 131072 at 0, stride 131072
INFO:root:Saved image from https://t.me/lobelia4cosmetics: data/raw/images/2025-07-14\lobelia4cosmetics_18484.jpg
INFO:telethon.client.downloads:Starting direct file download in chunks of 131072 at 0, stride 131072
INFO:root:Saved image from https://t.me/lobelia4cosmetics: data/raw/images/2025-07-14\lobelia4cosmetics_18483.jpg
INFO:telethon.client.downloads:Starting direct file download in chunks of 131072 at 0, stride 131072
INFO:root:Saved image from https://t.me/lobelia4cosmetics: data/raw/images/2025-07-14\lobelia4cosmetics_18482.jpg
INFO:telethon.client.downloads:Starting direct file download in chunks of 131072 at 0, stride 131072
INFO:root:Saved image from https://t.me/lobelia4cosmetics: data/raw/images/2025-07-14\lobelia4cosmetics_18481.jpg
INFO:telethon.client.downloads:Starting direct file download in chunks of 131072 at 0, stride 131072
INFO:root:Saved image from https://t.me/lobelia4cosmetics: data/raw/images/2025-07-14\lobelia4cosmetics_18480.jpg
INFO:telethon.client.downloads:Starting direct file download in chunks of 131072 at 0, stride 131072
INFO:root:Saved image from https://t.me/lobelia4cosmetics: data/raw/images/2025-07-14\lobelia4cosmetics_18479.jpg
INFO:telethon.client.downloads:Starting direct file download in chunks of 131072 at 0, stride 131072
INFO:root:Saved image from https://t.me/lobelia4cosmetics: data/raw/images/2025-07-14\lobelia4cosmetics_18478.jpg
INFO:telethon.client.downloads:Starting direct file download in chunks of 131072 at 0, stride 131072
INFO:root:Saved image from https://t.me/lobelia4cosmetics: data/raw/images/2025-07-14\lobelia4cosmetics_18477.jpg
INFO:telethon.client.downloads:Starting direct file download in chunks of 131072 at 0, stride 131072
INFO:root:Saved image from https://t.me/lobelia4cosmetics: data/raw/images/2025-07-14\lobelia4cosmetics_18476.jpg
INFO:telethon.client.downloads:Starting direct file download in chunks of 131072 at 0, stride 131072
INFO:root:Saved image from https://t.me/lobelia4cosmetics: data/raw/images/2025-07-14\lobelia4cosmetics_18475.jpg
INFO:telethon.client.downloads:Starting direct file download in chunks of 131072 at 0, stride 131072
INFO:root:Saved image from https://t.me/lobelia4cosmetics: data/raw/images/2025-07-14\lobelia4cosmetics_18474.jpg
INFO:telethon.client.downloads:Starting direct file download in chunks of 131072 at 0, stride 131072
INFO:root:Saved image from https://t.me/lobelia4cosmetics: data/raw/images/2025-07-14\lobelia4cosmetics_18473.jpg
INFO:telethon.client.downloads:Starting direct file download in chunks of 131072 at 0, stride 131072
INFO:root:Saved image from https://t.me/lobelia4cosmetics: data/raw/images/2025-07-14\lobelia4cosmetics_18472.jpg
INFO:telethon.client.downloads:Starting direct file download in chunks of 131072 at 0, stride 131072
INFO:root:Saved image from https://t.me/lobelia4cosmetics: data/raw/images/2025-07-14\lobelia4cosmetics_18471.jpg
INFO:telethon.client.downloads:Starting direct file download in chunks of 131072 at 0, stride 131072
INFO:root:Saved image from https://t.me/lobelia4cosmetics: data/raw/images/2025-07-14\lobelia4cosmetics_18470.jpg
ERROR:root:Error scraping https://t.me/lobelia4cosmetics: Circular reference detected
INFO:telethon.client.downloads:Starting direct file download in chunks of 131072 at 0, stride 131072
INFO:root:Saved image from https://t.me/CheMed123: data/raw/images/2025-07-14\CheMed123_97.jpg
INFO:telethon.client.downloads:Starting direct file download in chunks of 131072 at 0, stride 131072
INFO:root:Saved image from https://t.me/CheMed123: data/raw/images/2025-07-14\CheMed123_96.jpg
INFO:telethon.client.downloads:Starting direct file download in chunks of 131072 at 0, stride 131072
INFO:root:Saved image from https://t.me/CheMed123: data/raw/images/2025-07-14\CheMed123_95.jpg
INFO:telethon.client.downloads:Starting direct file download in chunks of 131072 at 0, stride 131072
INFO:root:Saved image from https://t.me/CheMed123: data/raw/images/2025-07-14\CheMed123_94.jpg
INFO:telethon.client.downloads:Starting direct file download in chunks of 131072 at 0, stride 131072
INFO:root:Saved image from https://t.me/CheMed123: data/raw/images/2025-07-14\CheMed123_93.jpg
INFO:telethon.client.downloads:Starting direct file download in chunks of 131072 at 0, stride 131072
INFO:root:Saved image from https://t.me/CheMed123: data/raw/images/2025-07-14\CheMed123_92.jpg
INFO:telethon.client.downloads:Starting direct file download in chunks of 131072 at 0, stride 131072
INFO:root:Saved image from https://t.me/CheMed123: data/raw/images/2025-07-14\CheMed123_91.jpg
INFO:telethon.client.downloads:Starting direct file download in chunks of 131072 at 0, stride 131072
INFO:root:Saved image from https://t.me/CheMed123: data/raw/images/2025-07-14\CheMed123_90.jpg
INFO:telethon.client.downloads:Starting direct file download in chunks of 131072 at 0, stride 131072
INFO:root:Saved image from https://t.me/CheMed123: data/raw/images/2025-07-14\CheMed123_88.jpg
INFO:telethon.client.downloads:Starting direct file download in chunks of 131072 at 0, stride 131072
INFO:root:Saved image from https://t.me/CheMed123: data/raw/images/2025-07-14\CheMed123_87.jpg
INFO:telethon.client.downloads:Starting direct file download in chunks of 131072 at 0, stride 131072
INFO:root:Saved image from https://t.me/CheMed123: data/raw/images/2025-07-14\CheMed123_86.jpg
INFO:telethon.client.downloads:Starting direct file download in chunks of 131072 at 0, stride 131072
INFO:root:Saved image from https://t.me/CheMed123: data/raw/images/2025-07-14\CheMed123_85.jpg
INFO:telethon.client.downloads:Starting direct file download in chunks of 131072 at 0, stride 131072
INFO:root:Saved image from https://t.me/CheMed123: data/raw/images/2025-07-14\CheMed123_82.jpg
INFO:telethon.client.downloads:Starting direct file download in chunks of 131072 at 0, stride 131072
INFO:root:Saved image from https://t.me/CheMed123: data/raw/images/2025-07-14\CheMed123_81.jpg
INFO:telethon.client.downloads:Starting direct file download in chunks of 131072 at 0, stride 131072
INFO:root:Saved image from https://t.me/CheMed123: data/raw/images/2025-07-14\CheMed123_80.jpg
INFO:telethon.client.downloads:Starting direct file download in chunks of 131072 at 0, stride 131072
INFO:root:Saved image from https://t.me/CheMed123: data/raw/images/2025-07-14\CheMed123_79.jpg
INFO:telethon.client.downloads:Starting direct file download in chunks of 131072 at 0, stride 131072
INFO:root:Saved image from https://t.me/CheMed123: data/raw/images/2025-07-14\CheMed123_78.jpg
INFO:telethon.client.downloads:Starting direct file download in chunks of 131072 at 0, stride 131072
INFO:root:Saved image from https://t.me/CheMed123: data/raw/images/2025-07-14\CheMed123_77.jpg
INFO:telethon.client.downloads:Starting direct file download in chunks of 131072 at 0, stride 131072
INFO:root:Saved image from https://t.me/CheMed123: data/raw/images/2025-07-14\CheMed123_76.jpg
INFO:telethon.client.downloads:Starting direct file download in chunks of 131072 at 0, stride 131072
INFO:root:Saved image from https://t.me/CheMed123: data/raw/images/2025-07-14\CheMed123_75.jpg
INFO:telethon.client.downloads:Starting direct file download in chunks of 131072 at 0, stride 131072
INFO:root:Saved image from https://t.me/CheMed123: data/raw/images/2025-07-14\CheMed123_74.jpg
INFO:telethon.client.downloads:Starting direct file download in chunks of 131072 at 0, stride 131072
INFO:root:Saved image from https://t.me/CheMed123: data/raw/images/2025-07-14\CheMed123_71.jpg
INFO:telethon.client.downloads:Starting direct file download in chunks of 131072 at 0, stride 131072
INFO:root:Saved image from https://t.me/CheMed123: data/raw/images/2025-07-14\CheMed123_70.jpg
INFO:telethon.client.downloads:Starting direct file download in chunks of 131072 at 0, stride 131072
INFO:root:Saved image from https://t.me/CheMed123: data/raw/images/2025-07-14\CheMed123_67.jpg
INFO:telethon.client.downloads:Starting direct file download in chunks of 131072 at 0, stride 131072
INFO:root:Saved image from https://t.me/CheMed123: data/raw/images/2025-07-14\CheMed123_64.jpg
INFO:telethon.client.downloads:Starting direct file download in chunks of 131072 at 0, stride 131072
INFO:root:Saved image from https://t.me/CheMed123: data/raw/images/2025-07-14\CheMed123_60.jpg
INFO:telethon.client.downloads:Starting direct file download in chunks of 131072 at 0, stride 131072
INFO:root:Saved image from https://t.me/CheMed123: data/raw/images/2025-07-14\CheMed123_59.jpg
INFO:telethon.client.downloads:Starting direct file download in chunks of 131072 at 0, stride 131072
INFO:root:Saved image from https://t.me/CheMed123: data/raw/images/2025-07-14\CheMed123_58.jpg
INFO:telethon.client.downloads:Starting direct file download in chunks of 131072 at 0, stride 131072
INFO:root:Saved image from https://t.me/CheMed123: data/raw/images/2025-07-14\CheMed123_56.jpg
INFO:telethon.client.downloads:Starting direct file download in chunks of 131072 at 0, stride 131072
INFO:root:Saved image from https://t.me/CheMed123: data/raw/images/2025-07-14\CheMed123_55.jpg
INFO:telethon.client.downloads:Starting direct file download in chunks of 131072 at 0, stride 131072
INFO:root:Saved image from https://t.me/CheMed123: data/raw/images/2025-07-14\CheMed123_53.jpg
INFO:telethon.client.downloads:Starting direct file download in chunks of 131072 at 0, stride 131072
INFO:root:Saved image from https://t.me/CheMed123: data/raw/images/2025-07-14\CheMed123_52.jpg
INFO:telethon.client.downloads:Starting direct file download in chunks of 131072 at 0, stride 131072
INFO:root:Saved image from https://t.me/CheMed123: data/raw/images/2025-07-14\CheMed123_50.jpg
INFO:telethon.client.downloads:Starting direct file download in chunks of 131072 at 0, stride 131072
INFO:root:Saved image from https://t.me/CheMed123: data/raw/images/2025-07-14\CheMed123_49.jpg
INFO:telethon.client.downloads:Starting direct file download in chunks of 131072 at 0, stride 131072
INFO:root:Saved image from https://t.me/CheMed123: data/raw/images/2025-07-14\CheMed123_48.jpg
INFO:telethon.client.downloads:Starting direct file download in chunks of 131072 at 0, stride 131072
INFO:root:Saved image from https://t.me/CheMed123: data/raw/images/2025-07-14\CheMed123_46.jpg
INFO:telethon.client.downloads:Starting direct file download in chunks of 131072 at 0, stride 131072
INFO:root:Saved image from https://t.me/CheMed123: data/raw/images/2025-07-14\CheMed123_45.jpg
INFO:telethon.client.downloads:Starting direct file download in chunks of 131072 at 0, stride 131072
INFO:root:Saved image from https://t.me/CheMed123: data/raw/images/2025-07-14\CheMed123_44.jpg
INFO:telethon.client.downloads:Starting direct file download in chunks of 131072 at 0, stride 131072
INFO:root:Saved image from https://t.me/CheMed123: data/raw/images/2025-07-14\CheMed123_43.jpg
INFO:telethon.client.downloads:Starting direct file download in chunks of 131072 at 0, stride 131072
INFO:root:Saved image from https://t.me/CheMed123: data/raw/images/2025-07-14\CheMed123_41.jpg
INFO:telethon.client.downloads:Starting direct file download in chunks of 131072 at 0, stride 131072
INFO:root:Saved image from https://t.me/CheMed123: data/raw/images/2025-07-14\CheMed123_40.jpg
INFO:telethon.client.downloads:Starting direct file download in chunks of 131072 at 0, stride 131072
INFO:root:Saved image from https://t.me/CheMed123: data/raw/images/2025-07-14\CheMed123_39.jpg
INFO:telethon.client.downloads:Starting direct file download in chunks of 131072 at 0, stride 131072
INFO:root:Saved image from https://t.me/CheMed123: data/raw/images/2025-07-14\CheMed123_38.jpg
INFO:telethon.client.downloads:Starting direct file download in chunks of 131072 at 0, stride 131072
INFO:root:Saved image from https://t.me/CheMed123: data/raw/images/2025-07-14\CheMed123_34.jpg
INFO:telethon.client.downloads:Starting direct file download in chunks of 131072 at 0, stride 131072
INFO:root:Saved image from https://t.me/CheMed123: data/raw/images/2025-07-14\CheMed123_33.jpg
INFO:telethon.client.downloads:Starting direct file download in chunks of 131072 at 0, stride 131072
INFO:root:Saved image from https://t.me/CheMed123: data/raw/images/2025-07-14\CheMed123_32.jpg
INFO:telethon.client.downloads:Starting direct file download in chunks of 131072 at 0, stride 131072
INFO:root:Saved image from https://t.me/CheMed123: data/raw/images/2025-07-14\CheMed123_31.jpg
INFO:telethon.client.downloads:Starting direct file download in chunks of 131072 at 0, stride 131072
INFO:root:Saved image from https://t.me/CheMed123: data/raw/images/2025-07-14\CheMed123_30.jpg
INFO:telethon.client.downloads:Starting direct file download in chunks of 131072 at 0, stride 131072
INFO:root:Saved image from https://t.me/CheMed123: data/raw/images/2025-07-14\CheMed123_29.jpg
INFO:telethon.client.downloads:Starting direct file download in chunks of 131072 at 0, stride 131072
INFO:root:Saved image from https://t.me/CheMed123: data/raw/images/2025-07-14\CheMed123_27.jpg
INFO:telethon.client.downloads:Starting direct file download in chunks of 131072 at 0, stride 131072
INFO:root:Saved image from https://t.me/CheMed123: data/raw/images/2025-07-14\CheMed123_26.jpg
INFO:telethon.client.downloads:Starting direct file download in chunks of 131072 at 0, stride 131072
INFO:root:Saved image from https://t.me/CheMed123: data/raw/images/2025-07-14\CheMed123_25.jpg
INFO:telethon.client.downloads:Starting direct file download in chunks of 131072 at 0, stride 131072
INFO:root:Saved image from https://t.me/CheMed123: data/raw/images/2025-07-14\CheMed123_23.jpg
INFO:telethon.client.downloads:Starting direct file download in chunks of 131072 at 0, stride 131072
INFO:root:Saved image from https://t.me/CheMed123: data/raw/images/2025-07-14\CheMed123_22.jpg
INFO:telethon.client.downloads:Starting direct file download in chunks of 131072 at 0, stride 131072
INFO:root:Saved image from https://t.me/CheMed123: data/raw/images/2025-07-14\CheMed123_21.jpg
INFO:telethon.client.downloads:Starting direct file download in chunks of 131072 at 0, stride 131072
INFO:root:Saved image from https://t.me/CheMed123: data/raw/images/2025-07-14\CheMed123_20.jpg
INFO:telethon.client.downloads:Starting direct file download in chunks of 131072 at 0, stride 131072
INFO:root:Saved image from https://t.me/CheMed123: data/raw/images/2025-07-14\CheMed123_19.jpg
INFO:telethon.client.downloads:Starting direct file download in chunks of 131072 at 0, stride 131072
INFO:root:Saved image from https://t.me/CheMed123: data/raw/images/2025-07-14\CheMed123_18.jpg
INFO:telethon.client.downloads:Starting direct file download in chunks of 131072 at 0, stride 131072
INFO:root:Saved image from https://t.me/CheMed123: data/raw/images/2025-07-14\CheMed123_17.jpg
INFO:telethon.client.downloads:Starting direct file download in chunks of 131072 at 0, stride 131072
INFO:root:Saved image from https://t.me/CheMed123: data/raw/images/2025-07-14\CheMed123_15.jpg
INFO:telethon.client.downloads:Starting direct file download in chunks of 131072 at 0, stride 131072
INFO:root:Saved image from https://t.me/CheMed123: data/raw/images/2025-07-14\CheMed123_14.jpg
INFO:telethon.client.downloads:Starting direct file download in chunks of 131072 at 0, stride 131072
INFO:root:Saved image from https://t.me/CheMed123: data/raw/images/2025-07-14\CheMed123_13.jpg
INFO:telethon.client.downloads:Starting direct file download in chunks of 131072 at 0, stride 131072
INFO:root:Saved image from https://t.me/CheMed123: data/raw/images/2025-07-14\CheMed123_11.jpg
INFO:telethon.client.downloads:Starting direct file download in chunks of 131072 at 0, stride 131072
INFO:root:Saved image from https://t.me/CheMed123: data/raw/images/2025-07-14\CheMed123_10.jpg
INFO:telethon.client.downloads:Starting direct file download in chunks of 131072 at 0, stride 131072
INFO:root:Saved image from https://t.me/CheMed123: data/raw/images/2025-07-14\CheMed123_9.jpg
INFO:telethon.client.downloads:Starting direct file download in chunks of 131072 at 0, stride 131072
INFO:root:Saved image from https://t.me/CheMed123: data/raw/images/2025-07-14\CheMed123_3.jpg
INFO:telethon.client.downloads:Starting direct file download in chunks of 131072 at 0, stride 131072
INFO:root:Saved image from https://t.me/CheMed123: data/raw/images/2025-07-14\CheMed123_2.jpg
ERROR:root:Error scraping https://t.me/CheMed123: Circular reference detected
INFO:telethon.client.downloads:Starting direct file download in chunks of 131072 at 0, stride 131072
INFO:root:Saved image from https://t.me/tikvahpharma: data/raw/images/2025-07-14\tikvahpharma_172631.jpg
INFO:telethon.client.downloads:Starting direct file download in chunks of 131072 at 0, stride 131072
INFO:root:Saved image from https://t.me/tikvahpharma: data/raw/images/2025-07-14\tikvahpharma_172604.jpg
INFO:telethon.client.downloads:Starting direct file download in chunks of 131072 at 0, stride 131072
INFO:root:Saved image from https://t.me/tikvahpharma: data/raw/images/2025-07-14\tikvahpharma_172566.jpg
INFO:telethon.client.downloads:Starting direct file download in chunks of 131072 at 0, stride 131072
INFO:root:Saved image from https://t.me/tikvahpharma: data/raw/images/2025-07-14\tikvahpharma_172546.jpg
INFO:telethon.client.downloads:Starting direct file download in chunks of 131072 at 0, stride 131072
INFO:root:Saved image from https://t.me/tikvahpharma: data/raw/images/2025-07-14\tikvahpharma_172531.jpg
INFO:telethon.client.downloads:Starting direct file download in chunks of 131072 at 0, stride 131072
INFO:root:Saved image from https://t.me/tikvahpharma: data/raw/images/2025-07-14\tikvahpharma_172530.jpg
INFO:telethon.client.downloads:Starting direct file download in chunks of 131072 at 0, stride 131072
INFO:root:Saved image from https://t.me/tikvahpharma: data/raw/images/2025-07-14\tikvahpharma_172527.jpg
INFO:telethon.client.downloads:Starting direct file download in chunks of 131072 at 0, stride 131072
INFO:root:Saved image from https://t.me/tikvahpharma: data/raw/images/2025-07-14\tikvahpharma_172526.jpg
INFO:telethon.client.downloads:Starting direct file download in chunks of 131072 at 0, stride 131072
INFO:root:Saved image from https://t.me/tikvahpharma: data/raw/images/2025-07-14\tikvahpharma_172525.jpg
INFO:telethon.client.downloads:Starting direct file download in chunks of 131072 at 0, stride 131072
INFO:root:Saved image from https://t.me/tikvahpharma: data/raw/images/2025-07-14\tikvahpharma_172510.jpg
INFO:telethon.client.downloads:Starting direct file download in chunks of 131072 at 0, stride 131072
INFO:root:Saved image from https://t.me/tikvahpharma: data/raw/images/2025-07-14\tikvahpharma_172488.jpg
INFO:telethon.client.downloads:Starting direct file download in chunks of 131072 at 0, stride 131072
INFO:root:Saved image from https://t.me/tikvahpharma: data/raw/images/2025-07-14\tikvahpharma_172453.jpg
INFO:telethon.client.downloads:Starting direct file download in chunks of 131072 at 0, stride 131072
INFO:root:Saved image from https://t.me/tikvahpharma: data/raw/images/2025-07-14\tikvahpharma_172452.jpg
INFO:telethon.client.downloads:Starting direct file download in chunks of 131072 at 0, stride 131072
INFO:root:Saved image from https://t.me/tikvahpharma: data/raw/images/2025-07-14\tikvahpharma_172451.jpg
INFO:telethon.client.downloads:Starting direct file download in chunks of 131072 at 0, stride 131072
INFO:root:Saved image from https://t.me/tikvahpharma: data/raw/images/2025-07-14\tikvahpharma_172448.jpg
INFO:telethon.client.downloads:Starting direct file download in chunks of 131072 at 0, stride 131072
INFO:root:Saved image from https://t.me/tikvahpharma: data/raw/images/2025-07-14\tikvahpharma_172431.jpg
INFO:telethon.client.downloads:Starting direct file download in chunks of 131072 at 0, stride 131072
INFO:root:Saved image from https://t.me/tikvahpharma: data/raw/images/2025-07-14\tikvahpharma_172422.jpg
INFO:telethon.client.downloads:Starting direct file download in chunks of 131072 at 0, stride 131072
INFO:root:Saved image from https://t.me/tikvahpharma: data/raw/images/2025-07-14\tikvahpharma_172367.jpg
INFO:telethon.client.downloads:Starting direct file download in chunks of 131072 at 0, stride 131072
INFO:root:Saved image from https://t.me/tikvahpharma: data/raw/images/2025-07-14\tikvahpharma_172350.jpg
INFO:telethon.client.downloads:Starting direct file download in chunks of 131072 at 0, stride 131072
INFO:root:Saved image from https://t.me/tikvahpharma: data/raw/images/2025-07-14\tikvahpharma_172345.jpg
INFO:telethon.client.downloads:Starting direct file download in chunks of 131072 at 0, stride 131072
INFO:root:Saved image from https://t.me/tikvahpharma: data/raw/images/2025-07-14\tikvahpharma_172307.jpg
INFO:telethon.client.downloads:Starting direct file download in chunks of 131072 at 0, stride 131072
INFO:root:Saved image from https://t.me/tikvahpharma: data/raw/images/2025-07-14\tikvahpharma_172274.jpg
INFO:telethon.client.downloads:Starting direct file download in chunks of 131072 at 0, stride 131072
INFO:root:Saved image from https://t.me/tikvahpharma: data/raw/images/2025-07-14\tikvahpharma_172273.jpg
INFO:telethon.client.downloads:Starting direct file download in chunks of 131072 at 0, stride 131072
INFO:root:Saved image from https://t.me/tikvahpharma: data/raw/images/2025-07-14\tikvahpharma_172272.jpg
INFO:telethon.client.downloads:Starting direct file download in chunks of 131072 at 0, stride 131072
INFO:root:Saved image from https://t.me/tikvahpharma: data/raw/images/2025-07-14\tikvahpharma_172263.jpg
INFO:telethon.client.downloads:Starting direct file download in chunks of 131072 at 0, stride 131072
INFO:root:Saved image from https://t.me/tikvahpharma: data/raw/images/2025-07-14\tikvahpharma_172252.jpg
INFO:telethon.client.downloads:Starting direct file download in chunks of 131072 at 0, stride 131072
INFO:root:Saved image from https://t.me/tikvahpharma: data/raw/images/2025-07-14\tikvahpharma_172209.jpg
INFO:telethon.client.downloads:Starting direct file download in chunks of 131072 at 0, stride 131072
INFO:root:Saved image from https://t.me/tikvahpharma: data/raw/images/2025-07-14\tikvahpharma_172186.jpg
INFO:telethon.client.downloads:Starting direct file download in chunks of 131072 at 0, stride 131072
INFO:root:Saved image from https://t.me/tikvahpharma: data/raw/images/2025-07-14\tikvahpharma_172185.jpg
INFO:telethon.client.downloads:Starting direct file download in chunks of 131072 at 0, stride 131072
INFO:root:Saved image from https://t.me/tikvahpharma: data/raw/images/2025-07-14\tikvahpharma_172178.jpg
INFO:telethon.client.downloads:Starting direct file download in chunks of 131072 at 0, stride 131072
INFO:root:Saved image from https://t.me/tikvahpharma: data/raw/images/2025-07-14\tikvahpharma_172172.jpg
ERROR:root:Error scraping https://t.me/tikvahpharma: Circular reference detected
INFO:telethon.network.mtprotosender:Disconnecting from 149.154.167.92:443/TcpFull...
INFO:telethon.network.mtprotosender:Disconnection from 149.154.167.92:443/TcpFull complete!
